98.05.23 14:00 A C:\AAWWWEB\COMBASE\Combase\KORAN\01openin.htm --> fusion.combase.com /usr/home/westilson/public_html/koran 01openin.htm
98.10.17 20:31 A C:\AAWWWEB\COMBASE\COMBASE\KORAN\koran.htm --> fusion.combase.com /usr/home/westilson/public_html/koran koran.htm
98.10.17 20:31 A C:\AAWWWEB\COMBASE\COMBASE\KORAN\korantoc.htm --> fusion.combase.com /usr/home/westilson/public_html/koran korantoc.htm
99.02.06 13:57 A d:\AAWWWEB\COMBASE\Combase\KORAN\korandl.htm --> fusion.combase.com /public_html/koran korandl.htm
99.02.06 13:57 A d:\AAWWWEB\COMBASE\Combase\KORAN\korantoc.htm --> fusion.combase.com /public_html/koran korantoc.htm
99.02.06 14:03 A d:\AAWWWEB\COMBASE\Combase\KORAN\korandl.htm --> fusion.combase.com /public_html/koran korandl.htm
99.02.06 19:49 A d:\AAWWWEB\COMBASE\Combase\KORAN\01openin.htm --> fusion.combase.com /public_html/koran 01openin.htm
99.02.06 19:49 A d:\AAWWWEB\COMBASE\Combase\KORAN\02COW.HTM --> fusion.combase.com /public_html/koran 02COW.HTM
99.02.06 19:49 A d:\AAWWWEB\COMBASE\Combase\KORAN\03FAMIRM.HTM --> fusion.combase.com /public_html/koran 03FAMIRM.HTM
99.02.06 19:49 A d:\AAWWWEB\COMBASE\Combase\KORAN\04WOMEN.HTM --> fusion.combase.com /public_html/koran 04WOMEN.HTM
99.02.06 19:49 A d:\AAWWWEB\COMBASE\Combase\KORAN\05DINTBL.HTM --> fusion.combase.com /public_html/koran 05DINTBL.HTM
99.02.06 19:49 A d:\AAWWWEB\COMBASE\Combase\KORAN\06CATTLE.HTM --> fusion.combase.com /public_html/koran 06CATTLE.HTM
99.02.06 19:49 A d:\AAWWWEB\COMBASE\Combase\KORAN\07ELVTPL.HTM --> fusion.combase.com /public_html/koran 07ELVTPL.HTM
99.02.06 19:49 A d:\AAWWWEB\COMBASE\Combase\KORAN\08ACCSON.HTM --> fusion.combase.com /public_html/koran 08ACCSON.HTM
99.02.06 19:49 A d:\AAWWWEB\COMBASE\Combase\KORAN\09IMMNTY.HTM --> fusion.combase.com /public_html/koran 09IMMNTY.HTM
99.02.06 19:49 A d:\AAWWWEB\COMBASE\Combase\KORAN\100CHRGR.HTM --> fusion.combase.com /public_html/koran 100CHRGR.HTM
99.02.06 19:49 A d:\AAWWWEB\COMBASE\Combase\KORAN\101CLMTY.HTM --> fusion.combase.com /public_html/koran 101CLMTY.HTM
99.02.06 19:49 A d:\AAWWWEB\COMBASE\Combase\KORAN\102VNG~1.HTM --> fusion.combase.com /public_html/koran 102VNG~1.HTM
99.02.06 19:49 A d:\AAWWWEB\COMBASE\Combase\KORAN\103AGE.HTM --> fusion.combase.com /public_html/koran 103AGE.HTM
99.02.06 19:49 A d:\AAWWWEB\COMBASE\Combase\KORAN\104SLNDR.HTM --> fusion.combase.com /public_html/koran 104SLNDR.HTM
99.02.06 19:49 A d:\AAWWWEB\COMBASE\Combase\KORAN\105ELPHT.HTM --> fusion.combase.com /public_html/koran 105ELPHT.HTM
99.02.06 19:49 A d:\AAWWWEB\COMBASE\Combase\KORAN\106QURSH.HTM --> fusion.combase.com /public_html/koran 106QURSH.HTM
99.02.06 19:49 A d:\AAWWWEB\COMBASE\Combase\KORAN\107ALMS.HTM --> fusion.combase.com /public_html/koran 107ALMS.HTM
99.02.06 19:49 A d:\AAWWWEB\COMBASE\Combase\KORAN\108ABDGD.HTM --> fusion.combase.com /public_html/koran 108ABDGD.HTM
99.02.06 19:49 A d:\AAWWWEB\COMBASE\Combase\KORAN\109DSBLV.HTM --> fusion.combase.com /public_html/koran 109DSBLV.HTM
99.02.06 19:49 A d:\AAWWWEB\COMBASE\Combase\KORAN\10JONAH.HTM --> fusion.combase.com /public_html/koran 10JONAH.HTM
99.02.06 19:49 A d:\AAWWWEB\COMBASE\Combase\KORAN\110HELP.HTM --> fusion.combase.com /public_html/koran 110HELP.HTM
99.02.06 19:49 A d:\AAWWWEB\COMBASE\Combase\KORAN\111FLAME.HTM --> fusion.combase.com /public_html/koran 111FLAME.HTM
99.02.06 19:49 A d:\AAWWWEB\COMBASE\Combase\KORAN\112UNITY.HTM --> fusion.combase.com /public_html/koran 112UNITY.HTM
99.02.06 19:49 A d:\AAWWWEB\COMBASE\Combase\KORAN\113DAWN.HTM --> fusion.combase.com /public_html/koran 113DAWN.HTM
99.02.06 19:49 A d:\AAWWWEB\COMBASE\Combase\KORAN\114PEOPL.HTM --> fusion.combase.com /public_html/koran 114PEOPL.HTM
99.02.06 19:49 A d:\AAWWWEB\COMBASE\Combase\KORAN\11PROPHT.HTM --> fusion.combase.com /public_html/koran 11PROPHT.HTM
99.02.06 19:49 A d:\AAWWWEB\COMBASE\Combase\KORAN\12YUSUF.HTM --> fusion.combase.com /public_html/koran 12YUSUF.HTM
99.02.06 19:49 A d:\AAWWWEB\COMBASE\Combase\KORAN\13THUNDR.HTM --> fusion.combase.com /public_html/koran 13THUNDR.HTM
99.02.06 19:49 A d:\AAWWWEB\COMBASE\Combase\KORAN\14ABRHAM.HTM --> fusion.combase.com /public_html/koran 14ABRHAM.HTM
99.02.06 19:49 A d:\AAWWWEB\COMBASE\Combase\KORAN\15ROCK.HTM --> fusion.combase.com /public_html/koran 15ROCK.HTM
99.02.06 19:49 A d:\AAWWWEB\COMBASE\Combase\KORAN\16BEE.HTM --> fusion.combase.com /public_html/koran 16BEE.HTM
99.02.06 19:49 A d:\AAWWWEB\COMBASE\Combase\KORAN\17CHISRL.HTM --> fusion.combase.com /public_html/koran 17CHISRL.HTM
99.02.06 19:49 A d:\AAWWWEB\COMBASE\Combase\KORAN\18CAVE.HTM --> fusion.combase.com /public_html/koran 18CAVE.HTM
99.02.06 19:49 A d:\AAWWWEB\COMBASE\Combase\KORAN\19MARIUM.HTM --> fusion.combase.com /public_html/koran 19MARIUM.HTM
99.02.06 19:49 A d:\AAWWWEB\COMBASE\Combase\KORAN\20TAHA.HTM --> fusion.combase.com /public_html/koran 20TAHA.HTM
99.02.06 19:49 A d:\AAWWWEB\COMBASE\Combase\KORAN\21PRPHT2.HTM --> fusion.combase.com /public_html/koran 21PRPHT2.HTM
99.02.06 19:49 A d:\AAWWWEB\COMBASE\Combase\KORAN\22PLGRMG.HTM --> fusion.combase.com /public_html/koran 22PLGRMG.HTM
99.02.06 19:49 A d:\AAWWWEB\COMBASE\Combase\KORAN\23BILVRS.HTM --> fusion.combase.com /public_html/koran 23BILVRS.HTM
99.02.06 19:49 A d:\AAWWWEB\COMBASE\Combase\KORAN\24LIGHT.HTM --> fusion.combase.com /public_html/koran 24LIGHT.HTM
99.02.06 19:49 A d:\AAWWWEB\COMBASE\Combase\KORAN\25DSTNTN.HTM --> fusion.combase.com /public_html/koran 25DSTNTN.HTM
99.02.06 19:50 A d:\AAWWWEB\COMBASE\Combase\KORAN\26POETS.HTM --> fusion.combase.com /public_html/koran 26POETS.HTM
99.02.06 19:50 A d:\AAWWWEB\COMBASE\Combase\KORAN\27ANT.HTM --> fusion.combase.com /public_html/koran 27ANT.HTM
99.02.06 19:50 A d:\AAWWWEB\COMBASE\Combase\KORAN\28NARRTV.HTM --> fusion.combase.com /public_html/koran 28NARRTV.HTM
99.02.06 19:50 A d:\AAWWWEB\COMBASE\Combase\KORAN\29SPIDER.HTM --> fusion.combase.com /public_html/koran 29SPIDER.HTM
99.02.06 19:50 A d:\AAWWWEB\COMBASE\Combase\KORAN\30ROMANS.HTM --> fusion.combase.com /public_html/koran 30ROMANS.HTM
99.02.06 19:50 A d:\AAWWWEB\COMBASE\Combase\KORAN\31LUQMAN.HTM --> fusion.combase.com /public_html/koran 31LUQMAN.HTM
99.02.06 19:50 A d:\AAWWWEB\COMBASE\Combase\KORAN\32ADORTN.HTM --> fusion.combase.com /public_html/koran 32ADORTN.HTM
99.02.06 19:50 A d:\AAWWWEB\COMBASE\Combase\KORAN\33CLANS.HTM --> fusion.combase.com /public_html/koran 33CLANS.HTM
99.02.06 19:50 A d:\AAWWWEB\COMBASE\Combase\KORAN\34SABA.HTM --> fusion.combase.com /public_html/koran 34SABA.HTM
99.02.06 19:50 A d:\AAWWWEB\COMBASE\Combase\KORAN\35ORGNTR.HTM --> fusion.combase.com /public_html/koran 35ORGNTR.HTM
99.02.06 19:50 A d:\AAWWWEB\COMBASE\Combase\KORAN\36YASIN.HTM --> fusion.combase.com /public_html/koran 36YASIN.HTM
99.02.06 19:50 A d:\AAWWWEB\COMBASE\Combase\KORAN\37RANGRS.HTM --> fusion.combase.com /public_html/koran 37RANGRS.HTM
99.02.06 19:50 A d:\AAWWWEB\COMBASE\Combase\KORAN\38SUAD.HTM --> fusion.combase.com /public_html/koran 38SUAD.HTM
99.02.06 19:50 A d:\AAWWWEB\COMBASE\Combase\KORAN\39CMPNNS.HTM --> fusion.combase.com /public_html/koran 39CMPNNS.HTM
99.02.06 19:50 A d:\AAWWWEB\COMBASE\Combase\KORAN\40BLVER.HTM --> fusion.combase.com /public_html/koran 40BLVER.HTM
99.02.06 19:50 A d:\AAWWWEB\COMBASE\Combase\KORAN\41HAMIM.HTM --> fusion.combase.com /public_html/koran 41HAMIM.HTM
99.02.06 19:50 A d:\AAWWWEB\COMBASE\Combase\KORAN\42COUNSL.HTM --> fusion.combase.com /public_html/koran 42COUNSL.HTM
99.02.06 19:50 A d:\AAWWWEB\COMBASE\Combase\KORAN\43ORNGLD.HTM --> fusion.combase.com /public_html/koran 43ORNGLD.HTM
99.02.06 19:50 A d:\AAWWWEB\COMBASE\Combase\KORAN\44SMOKE.HTM --> fusion.combase.com /public_html/koran 44SMOKE.HTM
99.02.06 19:50 A d:\AAWWWEB\COMBASE\Combase\KORAN\45KNEELN.HTM --> fusion.combase.com /public_html/koran 45KNEELN.HTM
99.02.06 19:50 A d:\AAWWWEB\COMBASE\Combase\KORAN\46SANDHL.HTM --> fusion.combase.com /public_html/koran 46SANDHL.HTM
99.02.06 19:50 A d:\AAWWWEB\COMBASE\Combase\KORAN\47MUHAMD.HTM --> fusion.combase.com /public_html/koran 47MUHAMD.HTM
99.02.06 19:50 A d:\AAWWWEB\COMBASE\Combase\KORAN\48VCKTRY.HTM --> fusion.combase.com /public_html/koran 48VCKTRY.HTM
99.02.06 19:50 A d:\AAWWWEB\COMBASE\Combase\KORAN\49CHMBRS.HTM --> fusion.combase.com /public_html/koran 49CHMBRS.HTM
99.02.06 19:50 A d:\AAWWWEB\COMBASE\Combase\KORAN\50QAF.HTM --> fusion.combase.com /public_html/koran 50QAF.HTM
99.02.06 19:50 A d:\AAWWWEB\COMBASE\Combase\KORAN\51SCTTRS.HTM --> fusion.combase.com /public_html/koran 51SCTTRS.HTM
99.02.06 19:50 A d:\AAWWWEB\COMBASE\Combase\KORAN\52MNTAIN.HTM --> fusion.combase.com /public_html/koran 52MNTAIN.HTM
99.02.06 19:50 A d:\AAWWWEB\COMBASE\Combase\KORAN\53STAR.HTM --> fusion.combase.com /public_html/koran 53STAR.HTM
99.02.06 19:50 A d:\AAWWWEB\COMBASE\Combase\KORAN\54MOON.HTM --> fusion.combase.com /public_html/koran 54MOON.HTM
99.02.06 19:50 A d:\AAWWWEB\COMBASE\Combase\KORAN\55BNFCNT.HTM --> fusion.combase.com /public_html/koran 55BNFCNT.HTM
99.02.06 19:50 A d:\AAWWWEB\COMBASE\Combase\KORAN\56EVENT.HTM --> fusion.combase.com /public_html/koran 56EVENT.HTM
99.02.06 19:50 A d:\AAWWWEB\COMBASE\Combase\KORAN\57IRON.HTM --> fusion.combase.com /public_html/koran 57IRON.HTM
99.02.06 19:50 A d:\AAWWWEB\COMBASE\Combase\KORAN\58SHEPLD.HTM --> fusion.combase.com /public_html/koran 58SHEPLD.HTM
99.02.06 19:50 A d:\AAWWWEB\COMBASE\Combase\KORAN\59BNSHMT.HTM --> fusion.combase.com /public_html/koran 59BNSHMT.HTM
99.02.06 19:50 A d:\AAWWWEB\COMBASE\Combase\KORAN\60EXMND1.HTM --> fusion.combase.com /public_html/koran 60EXMND1.HTM
99.02.06 19:50 A d:\AAWWWEB\COMBASE\Combase\KORAN\61RANKS.HTM --> fusion.combase.com /public_html/koran 61RANKS.HTM
99.02.06 19:50 A d:\AAWWWEB\COMBASE\Combase\KORAN\62CNGRTN.HTM --> fusion.combase.com /public_html/koran 62CNGRTN.HTM
99.02.06 19:50 A d:\AAWWWEB\COMBASE\Combase\KORAN\63HYPRCT.HTM --> fusion.combase.com /public_html/koran 63HYPRCT.HTM
99.02.06 19:50 A d:\AAWWWEB\COMBASE\Combase\KORAN\64MUTDCT.HTM --> fusion.combase.com /public_html/koran 64MUTDCT.HTM
99.02.06 19:50 A d:\AAWWWEB\COMBASE\Combase\KORAN\65DVRCE.HTM --> fusion.combase.com /public_html/koran 65DVRCE.HTM
99.02.06 19:50 A d:\AAWWWEB\COMBASE\Combase\KORAN\66PRHBTN.HTM --> fusion.combase.com /public_html/koran 66PRHBTN.HTM
99.02.06 19:50 A d:\AAWWWEB\COMBASE\Combase\KORAN\67KNGDM.HTM --> fusion.combase.com /public_html/koran 67KNGDM.HTM
99.02.06 19:50 A d:\AAWWWEB\COMBASE\Combase\KORAN\68PEN.HTM --> fusion.combase.com /public_html/koran 68PEN.HTM
99.02.06 19:50 A d:\AAWWWEB\COMBASE\Combase\KORAN\69INVTBL.HTM --> fusion.combase.com /public_html/koran 69INVTBL.HTM
99.02.06 19:50 A d:\AAWWWEB\COMBASE\Combase\KORAN\70WYASNT.HTM --> fusion.combase.com /public_html/koran 70WYASNT.HTM
99.02.06 19:50 A d:\AAWWWEB\COMBASE\Combase\KORAN\71NUH.HTM --> fusion.combase.com /public_html/koran 71NUH.HTM
99.02.06 19:50 A d:\AAWWWEB\COMBASE\Combase\KORAN\72JINN.HTM --> fusion.combase.com /public_html/koran 72JINN.HTM
99.02.06 19:50 A d:\AAWWWEB\COMBASE\Combase\KORAN\73WRPDUP.HTM --> fusion.combase.com /public_html/koran 73WRPDUP.HTM
99.02.06 19:50 A d:\AAWWWEB\COMBASE\Combase\KORAN\74CVRED1.HTM --> fusion.combase.com /public_html/koran 74CVRED1.HTM
99.02.06 19:50 A d:\AAWWWEB\COMBASE\Combase\KORAN\75RSRCTN.HTM --> fusion.combase.com /public_html/koran 75RSRCTN.HTM
99.02.06 19:50 A d:\AAWWWEB\COMBASE\Combase\KORAN\76TIME.HTM --> fusion.combase.com /public_html/koran 76TIME.HTM
99.02.06 19:50 A d:\AAWWWEB\COMBASE\Combase\KORAN\77SNTFTH.HTM --> fusion.combase.com /public_html/koran 77SNTFTH.HTM
99.02.06 19:50 A d:\AAWWWEB\COMBASE\Combase\KORAN\78GRTEVT.HTM --> fusion.combase.com /public_html/koran 78GRTEVT.HTM
99.02.06 19:50 A d:\AAWWWEB\COMBASE\Combase\KORAN\79DRGGRS.HTM --> fusion.combase.com /public_html/koran 79DRGGRS.HTM
99.02.06 19:50 A d:\AAWWWEB\COMBASE\Combase\KORAN\80FRWNED.HTM --> fusion.combase.com /public_html/koran 80FRWNED.HTM
99.02.06 19:50 A d:\AAWWWEB\COMBASE\Combase\KORAN\81FLDDUP.HTM --> fusion.combase.com /public_html/koran 81FLDDUP.HTM
99.02.06 19:50 A d:\AAWWWEB\COMBASE\Combase\KORAN\82CLVING.HTM --> fusion.combase.com /public_html/koran 82CLVING.HTM
99.02.06 19:50 A d:\AAWWWEB\COMBASE\Combase\KORAN\83DCVMSG.HTM --> fusion.combase.com /public_html/koran 83DCVMSG.HTM
99.02.06 19:50 A d:\AAWWWEB\COMBASE\Combase\KORAN\84RNDGAS.HTM --> fusion.combase.com /public_html/koran 84RNDGAS.HTM
99.02.06 19:50 A d:\AAWWWEB\COMBASE\Combase\KORAN\85CLSTST.HTM --> fusion.combase.com /public_html/koran 85CLSTST.HTM
99.02.06 19:50 A d:\AAWWWEB\COMBASE\Combase\KORAN\86NGTVST.HTM --> fusion.combase.com /public_html/koran 86NGTVST.HTM
99.02.06 19:50 A d:\AAWWWEB\COMBASE\Combase\KORAN\87MSTHI.HTM --> fusion.combase.com /public_html/koran 87MSTHI.HTM
99.02.06 19:50 A d:\AAWWWEB\COMBASE\Combase\KORAN\88OVCLMT.HTM --> fusion.combase.com /public_html/koran 88OVCLMT.HTM
99.02.06 19:50 A d:\AAWWWEB\COMBASE\Combase\KORAN\89DYBRK.HTM --> fusion.combase.com /public_html/koran 89DYBRK.HTM
99.02.06 19:50 A d:\AAWWWEB\COMBASE\Combase\KORAN\90CITY.HTM --> fusion.combase.com /public_html/koran 90CITY.HTM
99.02.06 19:50 A d:\AAWWWEB\COMBASE\Combase\KORAN\91SUN.HTM --> fusion.combase.com /public_html/koran 91SUN.HTM
99.02.06 19:50 A d:\AAWWWEB\COMBASE\Combase\KORAN\92NIGHT.HTM --> fusion.combase.com /public_html/koran 92NIGHT.HTM
99.02.06 19:50 A d:\AAWWWEB\COMBASE\Combase\KORAN\93BRTNSS.HTM --> fusion.combase.com /public_html/koran 93BRTNSS.HTM
99.02.06 19:50 A d:\AAWWWEB\COMBASE\Combase\KORAN\94EXPNSN.HTM --> fusion.combase.com /public_html/koran 94EXPNSN.HTM
99.02.06 19:50 A d:\AAWWWEB\COMBASE\Combase\KORAN\95FIG.HTM --> fusion.combase.com /public_html/koran 95FIG.HTM
99.02.06 19:50 A d:\AAWWWEB\COMBASE\Combase\KORAN\96CLOT.HTM --> fusion.combase.com /public_html/koran 96CLOT.HTM
99.02.06 19:50 A d:\AAWWWEB\COMBASE\Combase\KORAN\97GRNDNT.HTM --> fusion.combase.com /public_html/koran 97GRNDNT.HTM
99.02.06 19:50 A d:\AAWWWEB\COMBASE\Combase\KORAN\98CLREVD.HTM --> fusion.combase.com /public_html/koran 98CLREVD.HTM
99.02.06 19:50 A d:\AAWWWEB\COMBASE\Combase\KORAN\99QUAKNG.HTM --> fusion.combase.com /public_html/koran 99QUAKNG.HTM
99.02.07 18:32 A d:\AAWWWEB\COMBASE\Combase\KORAN\01openin.htm --> fusion.combase.com /public_html/koran 01openin.htm
99.02.07 19:06 A d:\AAWWWEB\COMBASE\Combase\KORAN\01openin.htm --> fusion.combase.com /public_html/koran 01openin.htm
99.02.07 19:06 B d:\AAWWWEB\COMBASE\Combase\KORAN\koran1.gif --> fusion.combase.com /public_html/koran koran1.gif
99.02.07 19:06 B d:\AAWWWEB\COMBASE\Combase\KORAN\01openin.htm --> fusion.combase.com /public_html/kjvbible 01openin.htm
99.02.07 19:07 A d:\AAWWWEB\COMBASE\Combase\KORAN\01openin.htm --> fusion.combase.com /public_html/kjvbible 01openin.htm
99.02.11 19:16 A d:\AAWWWEB\COMBASE\Combase\KORAN\01openin.htm --> fusion.combase.com /public_html/koran 01openin.htm
99.02.11 19:16 A d:\AAWWWEB\COMBASE\Combase\KORAN\huspopup.htm --> fusion.combase.com /public_html/koran huspopup.htm
99.02.11 19:17 B d:\AAWWWEB\COMBASE\Combase\KORAN\hussein1.jpg --> fusion.combase.com /public_html/koran hussein1.jpg
