
###############################################################################


Starting Service ...

SQL_Latin1_General_Cp1_CI_AI

-m -Q -T4022 -T3659

Connecting to Server ...

driver={sql server};server=DHBYCXB1\MICROSOFTSMLBIZ;UID=sa;PWD=;database=master

Configuring Server ...

EXEC sp_grantlogin N'BUILTIN\Administrators' 

[Microsoft][ODBC SQL Server Driver][SQL Server]Granted login access to 'BUILTIN\Administrators'.

EXEC sp_addsrvrolemember N'BUILTIN\Administrators', 'sysadmin'

[Microsoft][ODBC SQL Server Driver][SQL Server]'BUILTIN\Administrators' added to role 'sysadmin'.

update master.dbo.spt_server_info set attribute_value = @@version where attribute_id = 2

EXEC sp_detach_db 'pubs'

EXEC sp_detach_db 'Northwind'

EXEC sp_addserver N'DHBYCXB1\MICROSOFTSMLBIZ', local 

[Microsoft][ODBC SQL Server Driver][SQL Server]Password changed.

EXEC sp_configure 'allow updates', 1 

[Microsoft][ODBC SQL Server Driver][SQL Server]Configuration option 'allow updates' changed from 0 to 1. Run the RECONFIGURE statement to install.

reconfigure with override 

update master.dbo.sysaltfiles set size=1024 where name=N'tempdev'

EXEC sp_configure 'allow updates', 0 

[Microsoft][ODBC SQL Server Driver][SQL Server]Configuration option 'allow updates' changed from 1 to 0. Run the RECONFIGURE statement to install.

reconfigure with override 

Disconnecting from Server ...

Stopping Service ...

SQL Server has been successfully configured!

###############################################################################

